e:\object oriented design\project3_dependencyanalyzer\dependencyanalyzer\x64\debug\vc140.pdb
e:\object oriented design\project3_dependencyanalyzer\dependencyanalyzer\x64\debug\vc140.idb
e:\object oriented design\project3_dependencyanalyzer\dependencyanalyzer\x64\debug\syntaxtree.obj
e:\object oriented design\project3_dependencyanalyzer\dependencyanalyzer\x64\debug\datastore.obj
e:\object oriented design\project3_dependencyanalyzer\dependencyanalyzer\x64\debug\filesystem.obj
e:\object oriented design\project3_dependencyanalyzer\dependencyanalyzer\x64\debug\actionsandrules.obj
e:\object oriented design\project3_dependencyanalyzer\dependencyanalyzer\x64\debug\configureparser.obj
e:\object oriented design\project3_dependencyanalyzer\dependencyanalyzer\x64\debug\parser.obj
e:\object oriented design\project3_dependencyanalyzer\dependencyanalyzer\x64\debug\semiexp.obj
e:\object oriented design\project3_dependencyanalyzer\dependencyanalyzer\x64\debug\threadpool.obj
e:\object oriented design\project3_dependencyanalyzer\dependencyanalyzer\x64\debug\tokenizer.obj
e:\object oriented design\project3_dependencyanalyzer\dependencyanalyzer\x64\debug\typeanalyzer.obj
e:\object oriented design\project3_dependencyanalyzer\dependencyanalyzer\x64\debug\typestore.obj
e:\object oriented design\project3_dependencyanalyzer\dependencyanalyzer\x64\debug\typetable.obj
e:\object oriented design\project3_dependencyanalyzer\dependencyanalyzer\x64\debug\utilities.obj
e:\object oriented design\project3_dependencyanalyzer\dependencyanalyzer\x64\debug\dependencyanalyzer.obj
e:\object oriented design\project3_dependencyanalyzer\x64\debug\dependencyanalyzer.ilk
e:\object oriented design\project3_dependencyanalyzer\x64\debug\dependencyanalyzer.exe
e:\object oriented design\project3_dependencyanalyzer\x64\debug\dependencyanalyzer.pdb
e:\object oriented design\project3_dependencyanalyzer\dependencyanalyzer\x64\debug\dependen.fbae601d.tlog\cl.command.1.tlog
e:\object oriented design\project3_dependencyanalyzer\dependencyanalyzer\x64\debug\dependen.fbae601d.tlog\cl.read.1.tlog
e:\object oriented design\project3_dependencyanalyzer\dependencyanalyzer\x64\debug\dependen.fbae601d.tlog\cl.write.1.tlog
e:\object oriented design\project3_dependencyanalyzer\dependencyanalyzer\x64\debug\dependen.fbae601d.tlog\link.command.1.tlog
e:\object oriented design\project3_dependencyanalyzer\dependencyanalyzer\x64\debug\dependen.fbae601d.tlog\link.read.1.tlog
e:\object oriented design\project3_dependencyanalyzer\dependencyanalyzer\x64\debug\dependen.fbae601d.tlog\link.write.1.tlog
