e:\object oriented design\project3_dependencyanalyzer\paralleldependencyanalyzer\x64\debug\vc140.pdb
e:\object oriented design\project3_dependencyanalyzer\paralleldependencyanalyzer\x64\debug\vc140.idb
e:\object oriented design\project3_dependencyanalyzer\paralleldependencyanalyzer\x64\debug\syntaxtree.obj
e:\object oriented design\project3_dependencyanalyzer\paralleldependencyanalyzer\x64\debug\datastore.obj
e:\object oriented design\project3_dependencyanalyzer\paralleldependencyanalyzer\x64\debug\dependencyanalyzer.obj
e:\object oriented design\project3_dependencyanalyzer\paralleldependencyanalyzer\x64\debug\filesystem.obj
e:\object oriented design\project3_dependencyanalyzer\paralleldependencyanalyzer\x64\debug\actionsandrules.obj
e:\object oriented design\project3_dependencyanalyzer\paralleldependencyanalyzer\x64\debug\configureparser.obj
e:\object oriented design\project3_dependencyanalyzer\paralleldependencyanalyzer\x64\debug\parser.obj
e:\object oriented design\project3_dependencyanalyzer\paralleldependencyanalyzer\x64\debug\semiexp.obj
e:\object oriented design\project3_dependencyanalyzer\paralleldependencyanalyzer\x64\debug\task.obj
e:\object oriented design\project3_dependencyanalyzer\paralleldependencyanalyzer\x64\debug\threadpool.obj
e:\object oriented design\project3_dependencyanalyzer\paralleldependencyanalyzer\x64\debug\tokenizer.obj
e:\object oriented design\project3_dependencyanalyzer\paralleldependencyanalyzer\x64\debug\typeanalyzer.obj
e:\object oriented design\project3_dependencyanalyzer\paralleldependencyanalyzer\x64\debug\typestore.obj
e:\object oriented design\project3_dependencyanalyzer\paralleldependencyanalyzer\x64\debug\typetable.obj
e:\object oriented design\project3_dependencyanalyzer\paralleldependencyanalyzer\x64\debug\utilities.obj
e:\object oriented design\project3_dependencyanalyzer\paralleldependencyanalyzer\x64\debug\paralleldependencyanalyzer.obj
e:\object oriented design\project3_dependencyanalyzer\x64\debug\paralleldependencyanalyzer.ilk
e:\object oriented design\project3_dependencyanalyzer\x64\debug\paralleldependencyanalyzer.exe
e:\object oriented design\project3_dependencyanalyzer\x64\debug\paralleldependencyanalyzer.pdb
e:\object oriented design\project3_dependencyanalyzer\paralleldependencyanalyzer\x64\debug\parallel.6a7e8345.tlog\cl.command.1.tlog
e:\object oriented design\project3_dependencyanalyzer\paralleldependencyanalyzer\x64\debug\parallel.6a7e8345.tlog\cl.read.1.tlog
e:\object oriented design\project3_dependencyanalyzer\paralleldependencyanalyzer\x64\debug\parallel.6a7e8345.tlog\cl.write.1.tlog
e:\object oriented design\project3_dependencyanalyzer\paralleldependencyanalyzer\x64\debug\parallel.6a7e8345.tlog\link.command.1.tlog
e:\object oriented design\project3_dependencyanalyzer\paralleldependencyanalyzer\x64\debug\parallel.6a7e8345.tlog\link.read.1.tlog
e:\object oriented design\project3_dependencyanalyzer\paralleldependencyanalyzer\x64\debug\parallel.6a7e8345.tlog\link.write.1.tlog
