e:\object oriented design\project3_dependencyanalyzer\paralleldependencyexecutive\x64\debug\vc140.pdb
e:\object oriented design\project3_dependencyanalyzer\paralleldependencyexecutive\x64\debug\vc140.idb
e:\object oriented design\project3_dependencyanalyzer\paralleldependencyexecutive\x64\debug\datastore.obj
e:\object oriented design\project3_dependencyanalyzer\paralleldependencyexecutive\x64\debug\dependencyanalyzer.obj
e:\object oriented design\project3_dependencyanalyzer\paralleldependencyexecutive\x64\debug\filemgr.obj
e:\object oriented design\project3_dependencyanalyzer\paralleldependencyexecutive\x64\debug\filesystem.obj
e:\object oriented design\project3_dependencyanalyzer\paralleldependencyexecutive\x64\debug\metricsanalysis.obj
e:\object oriented design\project3_dependencyanalyzer\paralleldependencyexecutive\x64\debug\paralleldependencyanalyzer.obj
e:\object oriented design\project3_dependencyanalyzer\paralleldependencyexecutive\x64\debug\actionsandrules.obj
e:\object oriented design\project3_dependencyanalyzer\paralleldependencyexecutive\x64\debug\configureparser.obj
e:\object oriented design\project3_dependencyanalyzer\paralleldependencyexecutive\x64\debug\parser.obj
e:\object oriented design\project3_dependencyanalyzer\paralleldependencyexecutive\x64\debug\scopestack.obj
e:\object oriented design\project3_dependencyanalyzer\paralleldependencyexecutive\x64\debug\semiexp.obj
e:\object oriented design\project3_dependencyanalyzer\paralleldependencyexecutive\x64\debug\task.obj
e:\object oriented design\project3_dependencyanalyzer\paralleldependencyexecutive\x64\debug\blockingqueue.obj
e:\object oriented design\project3_dependencyanalyzer\paralleldependencyexecutive\x64\debug\threadpool.obj
e:\object oriented design\project3_dependencyanalyzer\paralleldependencyexecutive\x64\debug\tokenizer.obj
e:\object oriented design\project3_dependencyanalyzer\paralleldependencyexecutive\x64\debug\typeanalyzer.obj
e:\object oriented design\project3_dependencyanalyzer\paralleldependencyexecutive\x64\debug\typestore.obj
e:\object oriented design\project3_dependencyanalyzer\paralleldependencyexecutive\x64\debug\typetable.obj
e:\object oriented design\project3_dependencyanalyzer\paralleldependencyexecutive\x64\debug\utilities.obj
e:\object oriented design\project3_dependencyanalyzer\paralleldependencyexecutive\x64\debug\paralleldependencyexecutive.obj
e:\object oriented design\project3_dependencyanalyzer\paralleldependencyexecutive\x64\debug\syntaxtree.obj
e:\object oriented design\project3_dependencyanalyzer\x64\debug\paralleldependencyexecutive.ilk
e:\object oriented design\project3_dependencyanalyzer\x64\debug\paralleldependencyexecutive.exe
e:\object oriented design\project3_dependencyanalyzer\x64\debug\paralleldependencyexecutive.pdb
e:\object oriented design\project3_dependencyanalyzer\paralleldependencyexecutive\x64\debug\parallel.3aade74b.tlog\cl.command.1.tlog
e:\object oriented design\project3_dependencyanalyzer\paralleldependencyexecutive\x64\debug\parallel.3aade74b.tlog\cl.read.1.tlog
e:\object oriented design\project3_dependencyanalyzer\paralleldependencyexecutive\x64\debug\parallel.3aade74b.tlog\cl.write.1.tlog
e:\object oriented design\project3_dependencyanalyzer\paralleldependencyexecutive\x64\debug\parallel.3aade74b.tlog\link.command.1.tlog
e:\object oriented design\project3_dependencyanalyzer\paralleldependencyexecutive\x64\debug\parallel.3aade74b.tlog\link.read.1.tlog
e:\object oriented design\project3_dependencyanalyzer\paralleldependencyexecutive\x64\debug\parallel.3aade74b.tlog\link.write.1.tlog
